ISim log file
Running: D:\Xilinx\Projects\AMBA-APB-SPI\tb_TopModule_isim_beh.exe -intstyle ise -gui -tclbatch isim.cmd -wdb D:/Xilinx/Projects/AMBA-APB-SPI/tb_TopModule_isim_beh.wdb 
ISim P.68d (signature 0x7708f090)
----------------------------------------------------------------------
INFO:Security:51 - The XILINXD_LICENSE_FILE environment variable is not set.
INFO:Security:53 - The LM_LICENSE_FILE environment variable is not set.
INFO:Security:68a - user is Mikl¢s, on host MIKIS_LENOVO.
WARNING:Security:43 - No license file was found in the standard Xilinx license directory.
WARNING:Security:44 - Since no license file was found,
       please run the Xilinx License Configuration Manager
       (xlcm or "Manage Xilinx Licenses")
       to assist in obtaining a license.
ERROR:Security:14 - No feature was available for 'ISIM'.

Cannot connect to license server system.
 The license server manager (lmgrd) has not been started yet,
 the wrong port@host or license file is being used, or the
 port or hostname in the license file has been changed.
Feature:       ISIM
Server name:   localhost
License path:  C:/.Xilinx;D:\Xilinx\14.6\ISE_DS\ISE\/data\*.lic;D:\Xilinx\14.6\ISE_DS\ISE\/coregen/core_licenses\Xilinx.lic;D:\Xilinx\14.6\ISE_DS\ISE\/coregen/core_licenses\XilinxFree.lic;@localhost;
FLEXnet Licensing error:-15,570
For further information, refer to the FLEXnet Licensing documentation,
available at "www.flexerasoftware.com".
----------------------------------------------------------------------
WARNING: A full ISim License cannot be checked out due to the issues listed above. Please use Xilinx License Configuration Manager to fix these issues in order to check out a full ISim license.
WARNING: ISim will run in Lite mode. Please refer to the ISim documentation for more information on the differences between the Lite and the Full version.
This is a Lite version of ISim.
Time resolution is 1 ps
# onerror resume
# wave add /
# run 1000 ns
Simulator is doing circuit initialization process.
Finished circuit initialization process.
# run 40.00us
# run 30.00us
# restart
# run 30.00us
Simulator is doing circuit initialization process.
Finished circuit initialization process.
# restart
# run 30.00us
Simulator is doing circuit initialization process.
Finished circuit initialization process.
# restart
# run 40.00us
Simulator is doing circuit initialization process.
Finished circuit initialization process.
